<?xml version="1.0" encoding="UTF-8"?>
<coverage generated="1679835226792" clover="3.2.0">
  <project timestamp="1679835226792" name="All files">
    <metrics statements="7" coveredstatements="6" conditionals="0" coveredconditionals="0" methods="4" coveredmethods="3" elements="11" coveredelements="9" complexity="0" loc="7" ncloc="7" packages="1" files="3" classes="3"/>
    <file name="cloneArray.js" path="/Users/Lena/Desktop/Coding_Projects_2023/Phase_1_Warmup/testing-with-jest/cloneArray.js">
      <metrics statements="2" coveredstatements="2" conditionals="0" coveredconditionals="0" methods="1" coveredmethods="1"/>
      <line num="1" count="1" type="stmt"/>
      <line num="3" count="1" type="stmt"/>
    </file>
    <file name="subtract.js" path="/Users/Lena/Desktop/Coding_Projects_2023/Phase_1_Warmup/testing-with-jest/subtract.js">
      <metrics statements="2" coveredstatements="2" conditionals="0" coveredconditionals="0" methods="1" coveredmethods="1"/>
      <line num="1" count="1" type="stmt"/>
      <line num="3" count="1" type="stmt"/>
    </file>
    <file name="sum.js" path="/Users/Lena/Desktop/Coding_Projects_2023/Phase_1_Warmup/testing-with-jest/sum.js">
      <metrics statements="3" coveredstatements="2" conditionals="0" coveredconditionals="0" methods="2" coveredmethods="1"/>
      <line num="1" count="1" type="stmt"/>
      <line num="4" count="0" type="stmt"/>
      <line num="7" count="1" type="stmt"/>
    </file>
  </project>
</coverage>
